<?xml version="1.0" encoding="UTF-8"?>
<!-- Generated by org.testng.reporters.JUnitXMLReporter -->
<testsuite ignored="0" hostname="CN-L-5CD9070QZK" failures="0" tests="4" name="webstaurantstore Test" time="41.854" errors="0" timestamp="2024-04-07T13:36:35 EDT">
  <testcase classname="com.app.qa.tests.SearchPageTests" name="clickOnViewCart" time="5.886"/>
  <testcase classname="com.app.qa.tests.SearchPageTests" name="verifysearchItems" time="7.909"/>
  <testcase classname="com.app.qa.tests.CartPageTests" name="verifyAddedItemsInTheCart" time="5.792"/>
  <testcase classname="com.app.qa.tests.CartPageTests" name="verifyEmptyCart" time="6.494"/>
</testsuite> <!-- webstaurantstore Test -->
