<?xml version="1.0" encoding="UTF-8"?>
<!-- Generated by org.testng.reporters.JUnitXMLReporter -->
<testsuite ignored="1" hostname="CN-L-5CD9070QZK" failures="0" tests="1" name="Default test" time="8.819" errors="0" timestamp="2024-04-06T17:45:37 EDT">
  <testcase classname="com.app.qa.tests.SearchPageTests" name="clickOnViewCart" time="5.004"/>
  <testcase classname="com.app.qa.tests.SearchPageTests" name="verifysearchItems" time="0.0">
    <ignored/>
  </testcase> <!-- verifysearchItems -->
</testsuite> <!-- Default test -->
