<?xml version="1.0" encoding="UTF-8"?>
<!-- Generated by org.testng.reporters.JUnitXMLReporter -->
<testsuite ignored="0" hostname="CN-L-5CD9070QZK" failures="0" tests="3" name="POM Test" time="8.128" errors="0" timestamp="2024-03-05T19:43:03 EST">
  <testcase classname="com.app.qa.tests.LoginPageTest" name="loginTest" time="0.33"/>
  <testcase classname="com.app.qa.tests.InventoryPageTests" name="addItems" time="0.064"/>
  <testcase classname="com.app.qa.tests.InventoryPageTests" name="cart" time="0.092"/>
</testsuite> <!-- POM Test -->
